<?xml version="1.0" encoding="utf-8"?><testsuites><testsuite name="pytest" errors="0" failures="0" skipped="0" tests="4" time="3.058" timestamp="2022-08-13T17:31:43.851763" hostname="MacBook-Air-Arthur.local"><testcase classname="tests.sportscar.body.test_body" name="test_can_navigate" time="2.981" /><testcase classname="tests.sportscar.body.test_body.BodyTests" name="test_body_functions_as_expected" time="0.000" /><testcase classname="tests.sportscar.engine.test_engine" name="test_engine_functions_as_expected" time="0.000" /><testcase classname="tests.sportscar.entertainment.test_entertainment" name="test_entertainment_functions_as_expected" time="0.000" /></testsuite></testsuites>